

Version:	3.8
CmdLine:	C:\Users\DONGRE\Documents\NetBeansProjects\ScreenCapture\exec\ScreenCapture.exe --l4j-debug
WOW64:		no
Working dir:	C:\Users\DONGRE\Documents\NetBeansProjects\ScreenCapture\exec\.
32-bit search:	SOFTWARE\JavaSoft\Java Runtime Environment...
Check:		SOFTWARE\JavaSoft\Java Runtime Environment\1.8
Check launcher:	C:\Program Files\Java\jre1.8.0_77\bin\javaw.exe (OK)
Match:		1.8
Check:		SOFTWARE\JavaSoft\Java Runtime Environment\1.8.0_161
Check launcher:	C:\Program Files\Java\jre1.8.0_161\bin\javaw.exe (OK)
Match:		1.8.0_161
Check:		SOFTWARE\JavaSoft\Java Runtime Environment\1.8.0_65
Check launcher:	C:\Program Files\Java\jre1.8.0_65\bin\javaw.exe (not found)
Ignore:		1.8.0_65
Check:		SOFTWARE\JavaSoft\Java Runtime Environment\1.8.0_77
Check launcher:	C:\Program Files\Java\jre1.8.0_77\bin\javaw.exe (OK)
Match:		1.8.0_77
32-bit search:	SOFTWARE\JavaSoft\Java Development Kit...
Check:		SOFTWARE\JavaSoft\Java Development Kit\1.8
Ignore:		1.8
Check:		SOFTWARE\JavaSoft\Java Development Kit\1.8.0
Ignore:		1.8.0
Check:		SOFTWARE\JavaSoft\Java Development Kit\1.8.0_65
Ignore:		1.8.0_65
Runtime used:	1.8.0_77 (32-bit)
Launcher:	C:\Program Files\Java\jre1.8.0_77\bin\javaw.exe
Launcher args:	-jar "C:\Users\DONGRE\Documents\NetBeansProjects\ScreenCapture\exec\ScreenCapture.exe"
Args length:	86/32768 chars
Exit code:	0


Version:	3.8
CmdLine:	C:\Users\DONGRE\Documents\NetBeansProjects\ScreenCapture\exec\ScreenCapture.exe --l4j-debug
WOW64:		no
Working dir:	C:\Users\DONGRE\Documents\NetBeansProjects\ScreenCapture\exec\.
Bundled JRE:	C:\Program Files\Java\jdk1.8.0\jre
Check launcher:	C:\Program Files\Java\jdk1.8.0\jre\bin\javaw.exe (OK)
Launcher:	C:\Program Files\Java\jdk1.8.0\jre\bin\javaw.exe
Launcher args:	-jar "C:\Users\DONGRE\Documents\NetBeansProjects\ScreenCapture\exec\ScreenCapture.exe"
Args length:	86/32768 chars
Exit code:	0


Version:	3.8
CmdLine:	C:\Users\DONGRE\Documents\NetBeansProjects\ScreenCapture\exec\ScreenCapture.exe --l4j-debug
WOW64:		no
Working dir:	C:\Users\DONGRE\Documents\NetBeansProjects\ScreenCapture\exec\.
Bundled JRE:	C:\Program Files\Java\jdk1.8.0_65\jre
Check launcher:	C:\Program Files\Java\jdk1.8.0_65\jre\bin\javaw.exe (OK)
Launcher:	C:\Program Files\Java\jdk1.8.0_65\jre\bin\javaw.exe
Launcher args:	-jar "C:\Users\DONGRE\Documents\NetBeansProjects\ScreenCapture\exec\ScreenCapture.exe"
Args length:	86/32768 chars
Exit code:	0


Version:	3.8
CmdLine:	C:\Users\DONGRE\Documents\NetBeansProjects\ScreenCapture\exec\ScreenCapture.exe --l4j-debug
WOW64:		no
Working dir:	C:\Users\DONGRE\Documents\NetBeansProjects\ScreenCapture\exec\.
32-bit search:	SOFTWARE\JavaSoft\Java Runtime Environment...
Check:		SOFTWARE\JavaSoft\Java Runtime Environment\1.8
Check launcher:	C:\Program Files\Java\jre1.8.0_77\bin\javaw.exe (OK)
Match:		1.8
Check:		SOFTWARE\JavaSoft\Java Runtime Environment\1.8.0_161
Check launcher:	C:\Program Files\Java\jre1.8.0_161\bin\javaw.exe (OK)
Match:		1.8.0_161
Check:		SOFTWARE\JavaSoft\Java Runtime Environment\1.8.0_65
Check launcher:	C:\Program Files\Java\jre1.8.0_65\bin\javaw.exe (not found)
Ignore:		1.8.0_65
Check:		SOFTWARE\JavaSoft\Java Runtime Environment\1.8.0_77
Check launcher:	C:\Program Files\Java\jre1.8.0_77\bin\javaw.exe (OK)
Match:		1.8.0_77
32-bit search:	SOFTWARE\JavaSoft\Java Development Kit...
Check:		SOFTWARE\JavaSoft\Java Development Kit\1.8
Ignore:		1.8
Check:		SOFTWARE\JavaSoft\Java Development Kit\1.8.0
Ignore:		1.8.0
Check:		SOFTWARE\JavaSoft\Java Development Kit\1.8.0_65
Ignore:		1.8.0_65
Runtime used:	1.8.0_77 (32-bit)
Launcher:	C:\Program Files\Java\jre1.8.0_77\bin\javaw.exe
Launcher args:	-jar "C:\Users\DONGRE\Documents\NetBeansProjects\ScreenCapture\exec\ScreenCapture.exe"
Args length:	86/32768 chars
Exit code:	0
